[0905/235658.743:ERROR:process_memory_win.cc(73)] ReadMemory at 0x7ff7659d0000 of 64 bytes failed: Only part of a ReadProcessMemory or WriteProcessMemory request was completed. (0x12B)
[0905/235700.677:WARNING:pe_image_reader.cc(340)] could not read dos header from C:\Program Files (x86)\Google\Chrome\Application\chrome.exe
[0905/235700.677:ERROR:process_memory_win.cc(73)] ReadMemory at 0x7ffe47d60000 of 64 bytes failed: Only part of a ReadProcessMemory or WriteProcessMemory request was completed. (0x12B)
[0905/235700.677:WARNING:pe_image_reader.cc(340)] could not read dos header from C:\WINDOWS\SYSTEM32\ntdll.dll
[0905/235700.677:ERROR:process_memory_win.cc(73)] ReadMemory at 0x7ffe46f40000 of 64 bytes failed: Only part of a ReadProcessMemory or WriteProcessMemory request was completed. (0x12B)
[0905/235700.679:WARNING:pe_image_reader.cc(340)] could not read dos header from C:\WINDOWS\System32\KERNEL32.DLL
[0905/235700.679:ERROR:process_memory_win.cc(73)] ReadMemory at 0x7ffe44e10000 of 64 bytes failed: Only part of a ReadProcessMemory or WriteProcessMemory request was completed. (0x12B)
[0905/235700.679:WARNING:pe_image_reader.cc(340)] could not read dos header from C:\WINDOWS\System32\KERNELBASE.dll
[0905/235700.679:ERROR:process_memory_win.cc(73)] ReadMemory at 0x7ffe1aff0000 of 64 bytes failed: Only part of a ReadProcessMemory or WriteProcessMemory request was completed. (0x12B)
[0905/235700.679:WARNING:pe_image_reader.cc(340)] could not read dos header from C:\Program Files (x86)\Google\Chrome\Application\85.0.4183.83\chrome_elf.dll
[0905/235700.679:ERROR:process_memory_win.cc(73)] ReadMemory at 0x7ffe3c500000 of 64 bytes failed: Only part of a ReadProcessMemory or WriteProcessMemory request was completed. (0x12B)
[0905/235700.679:WARNING:pe_image_reader.cc(340)] could not read dos header from C:\WINDOWS\SYSTEM32\VERSION.dll
[0905/235700.679:ERROR:process_memory_win.cc(73)] ReadMemory at 0x7ffe47080000 of 64 bytes failed: Only part of a ReadProcessMemory or WriteProcessMemory request was completed. (0x12B)
[0905/235700.679:WARNING:pe_image_reader.cc(340)] could not read dos header from C:\WINDOWS\System32\msvcrt.dll
[0905/235700.679:ERROR:process_memory_win.cc(73)] ReadMemory at 0x7ffe45850000 of 64 bytes failed: Only part of a ReadProcessMemory or WriteProcessMemory request was completed. (0x12B)
[0905/235700.679:WARNING:pe_image_reader.cc(340)] could not read dos header from C:\WINDOWS\System32\bcryptPrimitives.dll
[0905/235700.679:ERROR:process_memory_win.cc(73)] ReadMemory at 0x7ffe46a90000 of 64 bytes failed: Only part of a ReadProcessMemory or WriteProcessMemory request was completed. (0x12B)
[0905/235700.679:WARNING:pe_image_reader.cc(340)] could not read dos header from C:\WINDOWS\System32\ADVAPI32.dll
[0905/235700.679:ERROR:process_memory_win.cc(73)] ReadMemory at 0x7ffe471d0000 of 64 bytes failed: Only part of a ReadProcessMemory or WriteProcessMemory request was completed. (0x12B)
[0905/235700.679:WARNING:pe_image_reader.cc(340)] could not read dos header from C:\WINDOWS\System32\sechost.dll
[0905/235700.679:ERROR:process_memory_win.cc(73)] ReadMemory at 0x7ffe468c0000 of 64 bytes failed: Only part of a ReadProcessMemory or WriteProcessMemory request was completed. (0x12B)
[0905/235700.679:WARNING:pe_image_reader.cc(340)] could not read dos header from C:\WINDOWS\System32\RPCRT4.dll
[0905/235700.679:ERROR:process_memory_win.cc(73)] ReadMemory at 0x7ffde4810000 of 64 bytes failed: Only part of a ReadProcessMemory or WriteProcessMemory request was completed. (0x12B)
[0905/235700.679:WARNING:pe_image_reader.cc(340)] could not read dos header from C:\Program Files (x86)\Google\Chrome\Application\85.0.4183.83\chrome.dll
[0905/235700.679:ERROR:process_memory_win.cc(73)] ReadMemory at 0x2404b240000 of 64 bytes failed: Only part of a ReadProcessMemory or WriteProcessMemory request was completed. (0x12B)
[0905/235700.679:WARNING:pe_image_reader.cc(340)] could not read dos header from C:\WINDOWS\System32\WS2_32.dll
[0905/235700.679:ERROR:process_memory_win.cc(73)] ReadMemory at 0x7ffe46cf0000 of 64 bytes failed: Only part of a ReadProcessMemory or WriteProcessMemory request was completed. (0x12B)
[0905/235700.679:WARNING:pe_image_reader.cc(340)] could not read dos header from C:\WINDOWS\System32\OLEAUT32.dll
[0905/235700.679:ERROR:process_memory_win.cc(73)] ReadMemory at 0x7ffe458d0000 of 64 bytes failed: Only part of a ReadProcessMemory or WriteProcessMemory request was completed. (0x12B)
[0905/235700.679:WARNING:pe_image_reader.cc(340)] could not read dos header from C:\WINDOWS\System32\msvcp_win.dll
[0905/235700.679:ERROR:process_memory_win.cc(73)] ReadMemory at 0x7ffe45d10000 of 64 bytes failed: Only part of a ReadProcessMemory or WriteProcessMemory request was completed. (0x12B)
[0905/235700.679:WARNING:pe_image_reader.cc(340)] could not read dos header from C:\WINDOWS\System32\ucrtbase.dll
[0905/235700.679:ERROR:process_memory_win.cc(73)] ReadMemory at 0x7ffe46580000 of 64 bytes failed: Only part of a ReadProcessMemory or WriteProcessMemory request was completed. (0x12B)
[0905/235700.679:WARNING:pe_image_reader.cc(340)] could not read dos header from C:\WINDOWS\System32\combase.dll
[0905/235700.679:ERROR:process_memory_win.cc(73)] ReadMemory at 0x7ffe44ce0000 of 64 bytes failed: Only part of a ReadProcessMemory or WriteProcessMemory request was completed. (0x12B)
[0905/235700.679:WARNING:pe_image_reader.cc(340)] could not read dos header from C:\WINDOWS\System32\WINTRUST.dll
[0905/235700.679:ERROR:process_memory_win.cc(73)] ReadMemory at 0x7ffe44cc0000 of 64 bytes failed: Only part of a ReadProcessMemory or WriteProcessMemory request was completed. (0x12B)
[0905/235700.679:WARNING:pe_image_reader.cc(340)] could not read dos header from C:\WINDOWS\System32\MSASN1.dll
[0905/235700.679:ERROR:process_memory_win.cc(73)] ReadMemory at 0x7ffe45b10000 of 64 bytes failed: Only part of a ReadProcessMemory or WriteProcessMemory request was completed. (0x12B)
[0905/235700.679:WARNING:pe_image_reader.cc(340)] could not read dos header from C:\WINDOWS\System32\CRYPT32.dll
[0905/235700.679:ERROR:process_memory_win.cc(73)] ReadMemory at 0x7ffe44180000 of 64 bytes failed: Only part of a ReadProcessMemory or WriteProcessMemory request was completed. (0x12B)
[0905/235700.679:WARNING:pe_image_reader.cc(340)] could not read dos header from C:\WINDOWS\SYSTEM32\IPHLPAPI.DLL
[0905/235700.679:ERROR:process_memory_win.cc(73)] ReadMemory at 0x7ffe42990000 of 64 bytes failed: Only part of a ReadProcessMemory or WriteProcessMemory request was completed. (0x12B)
[0905/235700.679:WARNING:pe_image_reader.cc(340)] could not read dos header from C:\WINDOWS\SYSTEM32\WINMM.dll
[0905/235700.683:ERROR:process_memory_win.cc(73)] ReadMemory at 0x7ffe26d80000 of 64 bytes failed: Only part of a ReadProcessMemory or WriteProcessMemory request was completed. (0x12B)
[0905/235700.683:WARNING:pe_image_reader.cc(340)] could not read dos header from C:\WINDOWS\SYSTEM32\UIAutomationCore.DLL
[0905/235700.683:ERROR:process_memory_win.cc(73)] ReadMemory at 0x7ffe33a30000 of 64 bytes failed: Only part of a ReadProcessMemory or WriteProcessMemory request was completed. (0x12B)
[0905/235700.683:WARNING:pe_image_reader.cc(340)] could not read dos header from C:\WINDOWS\SYSTEM32\Secur32.dll
[0905/235700.683:ERROR:process_memory_win.cc(73)] ReadMemory at 0x7ffe44b00000 of 64 bytes failed: Only part of a ReadProcessMemory or WriteProcessMemory request was completed. (0x12B)
[0905/235700.683:WARNING:pe_image_reader.cc(340)] could not read dos header from C:\WINDOWS\SYSTEM32\USERENV.dll
[0905/235700.683:ERROR:process_memory_win.cc(73)] ReadMemory at 0x7ffe44c90000 of 64 bytes failed: Only part of a ReadProcessMemory or WriteProcessMemory request was completed. (0x12B)
[0905/235700.683:WARNING:pe_image_reader.cc(340)] could not read dos header from C:\WINDOWS\System32\profapi.dll
[0905/235700.683:ERROR:process_memory_win.cc(73)] ReadMemory at 0x7ffe3a4d0000 of 64 bytes failed: Only part of a ReadProcessMemory or WriteProcessMemory request was completed. (0x12B)
[0905/235700.683:WARNING:pe_image_reader.cc(340)] could not read dos header from C:\WINDOWS\SYSTEM32\DWrite.dll
[0905/235700.683:ERROR:process_memory_win.cc(73)] ReadMemory at 0x7ffe376c0000 of 64 bytes failed: Only part of a ReadProcessMemory or WriteProcessMemory request was completed. (0x12B)
[0905/235700.683:WARNING:pe_image_reader.cc(340)] could not read dos header from C:\WINDOWS\SYSTEM32\WINSPOOL.DRV
[0905/235700.683:ERROR:process_memory_win.cc(73)] ReadMemory at 0x7ffe44c20000 of 64 bytes failed: Only part of a ReadProcessMemory or WriteProcessMemory request was completed. (0x12B)
[0905/235700.683:WARNING:pe_image_reader.cc(340)] could not read dos header from C:\WINDOWS\System32\kernel.appcore.dll
[0905/235700.683:ERROR:process_memory_win.cc(73)] ReadMemory at 0x7ffe45cb0000 of 64 bytes failed: Only part of a ReadProcessMemory or WriteProcessMemory request was completed. (0x12B)
[0905/235700.683:WARNING:pe_image_reader.cc(340)] could not read dos header from C:\WINDOWS\System32\bcrypt.dll
[0905/235700.683:ERROR:process_memory_win.cc(73)] ReadMemory at 0x7ffe435f0000 of 64 bytes failed: Only part of a ReadProcessMemory or WriteProcessMemory request was completed. (0x12B)
[0905/235700.683:WARNING:pe_image_reader.cc(340)] could not read dos header from C:\WINDOWS\SYSTEM32\dbghelp.dll
[0905/235700.683:ERROR:process_memory_win.cc(73)] ReadMemory at 0x7ffe37b30000 of 64 bytes failed: Only part of a ReadProcessMemory or WriteProcessMemory request was completed. (0x12B)
[0905/235700.683:WARNING:pe_image_reader.cc(340)] could not read dos header from C:\WINDOWS\SYSTEM32\WINHTTP.dll
[0905/235700.683:ERROR:process_memory_win.cc(73)] ReadMemory at 0x7ffe3cc50000 of 64 bytes failed: Only part of a ReadProcessMemory or WriteProcessMemory request was completed. (0x12B)
[0905/235700.683:WARNING:pe_image_reader.cc(340)] could not read dos header from C:\WINDOWS\SYSTEM32\dhcpcsvc.DLL
[0905/235700.683:ERROR:process_memory_win.cc(73)] ReadMemory at 0x7ffe45e80000 of 64 bytes failed: Only part of a ReadProcessMemory or WriteProcessMemory request was completed. (0x12B)
[0905/235700.683:WARNING:pe_image_reader.cc(340)] could not read dos header from C:\WINDOWS\System32\NSI.dll
[0905/235700.683:ERROR:process_memory_win.cc(73)] ReadMemory at 0x7ffe424d0000 of 64 bytes failed: Only part of a ReadProcessMemory or WriteProcessMemory request was completed. (0x12B)
[0905/235700.683:WARNING:pe_image_reader.cc(340)] could not read dos header from C:\WINDOWS\SYSTEM32\WINMMBASE.dll
[0905/235700.683:ERROR:process_memory_win.cc(73)] ReadMemory at 0x7ffe45c60000 of 64 bytes failed: Only part of a ReadProcessMemory or WriteProcessMemory request was completed. (0x12B)
[0905/235700.683:WARNING:pe_image_reader.cc(340)] could not read dos header from C:\WINDOWS\System32\cfgmgr32.dll
[0905/235700.683:ERROR:process_memory_win.cc(73)] ReadMemory at 0x7ffe410c0000 of 64 bytes failed: Only part of a ReadProcessMemory or WriteProcessMemory request was completed. (0x12B)
[0905/235700.683:WARNING:pe_image_reader.cc(340)] could not read dos header from C:\WINDOWS\SYSTEM32\PROPSYS.dll
[0905/235700.683:ERROR:process_memory_win.cc(73)] ReadMemory at 0x7ffe469e0000 of 64 bytes failed: Only part of a ReadProcessMemory or WriteProcessMemory request was completed. (0x12B)
[0905/235700.683:WARNING:pe_image_reader.cc(340)] could not read dos header from C:\WINDOWS\System32\shcore.dll
[0905/235700.683:ERROR:process_memory_win.cc(73)] ReadMemory at 0x7ffe44b30000 of 64 bytes failed: Only part of a ReadProcessMemory or WriteProcessMemory request was completed. (0x12B)
[0905/235700.683:WARNING:pe_image_reader.cc(340)] could not read dos header from C:\WINDOWS\SYSTEM32\SSPICLI.DLL
[0905/235700.683:ERROR:process_memory_win.cc(73)] ReadMemory at 0x7ffe44640000 of 64 bytes failed: Only part of a ReadProcessMemory or WriteProcessMemory request was completed. (0x12B)
[0905/235700.683:WARNING:pe_image_reader.cc(340)] could not read dos header from C:\WINDOWS\SYSTEM32\CRYPTBASE.DLL
[0905/235700.737:ERROR:process_memory_win.cc(73)] ReadMemory at 0x7ff7659d0000 of 64 bytes failed: Only part of a ReadProcessMemory or WriteProcessMemory request was completed. (0x12B)
[0905/235700.737:WARNING:pe_image_reader.cc(340)] could not read dos header from C:\Program Files (x86)\Google\Chrome\Application\chrome.exe
[0905/235700.737:ERROR:process_memory_win.cc(73)] ReadMemory at 0x7ffe47d60000 of 64 bytes failed: Only part of a ReadProcessMemory or WriteProcessMemory request was completed. (0x12B)
[0905/235700.738:WARNING:pe_image_reader.cc(340)] could not read dos header from C:\WINDOWS\SYSTEM32\ntdll.dll
[0905/235700.738:ERROR:process_memory_win.cc(73)] ReadMemory at 0x7ffe46f40000 of 64 bytes failed: Only part of a ReadProcessMemory or WriteProcessMemory request was completed. (0x12B)
[0905/235700.738:WARNING:pe_image_reader.cc(340)] could not read dos header from C:\WINDOWS\System32\KERNEL32.DLL
[0905/235700.738:ERROR:process_memory_win.cc(73)] ReadMemory at 0x7ffe44e10000 of 64 bytes failed: Only part of a ReadProcessMemory or WriteProcessMemory request was completed. (0x12B)
[0905/235700.738:WARNING:pe_image_reader.cc(340)] could not read dos header from C:\WINDOWS\System32\KERNELBASE.dll
[0905/235700.738:ERROR:process_memory_win.cc(73)] ReadMemory at 0x7ffe1aff0000 of 64 bytes failed: Only part of a ReadProcessMemory or WriteProcessMemory request was completed. (0x12B)
[0905/235700.738:WARNING:pe_image_reader.cc(340)] could not read dos header from C:\Program Files (x86)\Google\Chrome\Application\85.0.4183.83\chrome_elf.dll
[0905/235700.738:ERROR:process_memory_win.cc(73)] ReadMemory at 0x7ffe3c500000 of 64 bytes failed: Only part of a ReadProcessMemory or WriteProcessMemory request was completed. (0x12B)
[0905/235700.738:WARNING:pe_image_reader.cc(340)] could not read dos header from C:\WINDOWS\SYSTEM32\VERSION.dll
[0905/235700.738:ERROR:process_memory_win.cc(73)] ReadMemory at 0x7ffe47080000 of 64 bytes failed: Only part of a ReadProcessMemory or WriteProcessMemory request was completed. (0x12B)
[0905/235700.738:WARNING:pe_image_reader.cc(340)] could not read dos header from C:\WINDOWS\System32\msvcrt.dll
[0905/235700.738:ERROR:process_memory_win.cc(73)] ReadMemory at 0x7ffe45850000 of 64 bytes failed: Only part of a ReadProcessMemory or WriteProcessMemory request was completed. (0x12B)
[0905/235700.738:WARNING:pe_image_reader.cc(340)] could not read dos header from C:\WINDOWS\System32\bcryptPrimitives.dll
[0905/235700.738:ERROR:process_memory_win.cc(73)] ReadMemory at 0x7ffe46a90000 of 64 bytes failed: Only part of a ReadProcessMemory or WriteProcessMemory request was completed. (0x12B)
[0905/235700.738:WARNING:pe_image_reader.cc(340)] could not read dos header from C:\WINDOWS\System32\ADVAPI32.dll
[0905/235700.738:ERROR:process_memory_win.cc(73)] ReadMemory at 0x7ffe471d0000 of 64 bytes failed: Only part of a ReadProcessMemory or WriteProcessMemory request was completed. (0x12B)
[0905/235700.738:WARNING:pe_image_reader.cc(340)] could not read dos header from C:\WINDOWS\System32\sechost.dll
[0905/235700.738:ERROR:process_memory_win.cc(73)] ReadMemory at 0x7ffe468c0000 of 64 bytes failed: Only part of a ReadProcessMemory or WriteProcessMemory request was completed. (0x12B)
[0905/235700.738:WARNING:pe_image_reader.cc(340)] could not read dos header from C:\WINDOWS\System32\RPCRT4.dll
[0905/235700.738:ERROR:process_memory_win.cc(73)] ReadMemory at 0x7ffde4810000 of 64 bytes failed: Only part of a ReadProcessMemory or WriteProcessMemory request was completed. (0x12B)
[0905/235700.738:WARNING:pe_image_reader.cc(340)] could not read dos header from C:\Program Files (x86)\Google\Chrome\Application\85.0.4183.83\chrome.dll
[0905/235700.738:ERROR:process_memory_win.cc(73)] ReadMemory at 0x2404b240000 of 64 bytes failed: Only part of a ReadProcessMemory or WriteProcessMemory request was completed. (0x12B)
[0905/235700.738:WARNING:pe_image_reader.cc(340)] could not read dos header from C:\WINDOWS\System32\WS2_32.dll
[0905/235700.738:ERROR:process_memory_win.cc(73)] ReadMemory at 0x7ffe46cf0000 of 64 bytes failed: Only part of a ReadProcessMemory or WriteProcessMemory request was completed. (0x12B)
[0905/235700.738:WARNING:pe_image_reader.cc(340)] could not read dos header from C:\WINDOWS\System32\OLEAUT32.dll
[0905/235700.738:ERROR:process_memory_win.cc(73)] ReadMemory at 0x7ffe458d0000 of 64 bytes failed: Only part of a ReadProcessMemory or WriteProcessMemory request was completed. (0x12B)
[0905/235700.738:WARNING:pe_image_reader.cc(340)] could not read dos header from C:\WINDOWS\System32\msvcp_win.dll
[0905/235700.738:ERROR:process_memory_win.cc(73)] ReadMemory at 0x7ffe45d10000 of 64 bytes failed: Only part of a ReadProcessMemory or WriteProcessMemory request was completed. (0x12B)
[0905/235700.738:WARNING:pe_image_reader.cc(340)] could not read dos header from C:\WINDOWS\System32\ucrtbase.dll
[0905/235700.738:ERROR:process_memory_win.cc(73)] ReadMemory at 0x7ffe46580000 of 64 bytes failed: Only part of a ReadProcessMemory or WriteProcessMemory request was completed. (0x12B)
[0905/235700.738:WARNING:pe_image_reader.cc(340)] could not read dos header from C:\WINDOWS\System32\combase.dll
[0905/235700.738:ERROR:process_memory_win.cc(73)] ReadMemory at 0x7ffe44ce0000 of 64 bytes failed: Only part of a ReadProcessMemory or WriteProcessMemory request was completed. (0x12B)
[0905/235700.738:WARNING:pe_image_reader.cc(340)] could not read dos header from C:\WINDOWS\System32\WINTRUST.dll
[0905/235700.738:ERROR:process_memory_win.cc(73)] ReadMemory at 0x7ffe44cc0000 of 64 bytes failed: Only part of a ReadProcessMemory or WriteProcessMemory request was completed. (0x12B)
[0905/235700.738:WARNING:pe_image_reader.cc(340)] could not read dos header from C:\WINDOWS\System32\MSASN1.dll
[0905/235700.738:ERROR:process_memory_win.cc(73)] ReadMemory at 0x7ffe45b10000 of 64 bytes failed: Only part of a ReadProcessMemory or WriteProcessMemory request was completed. (0x12B)
[0905/235700.738:WARNING:pe_image_reader.cc(340)] could not read dos header from C:\WINDOWS\System32\CRYPT32.dll
[0905/235700.738:ERROR:process_memory_win.cc(73)] ReadMemory at 0x7ffe44180000 of 64 bytes failed: Only part of a ReadProcessMemory or WriteProcessMemory request was completed. (0x12B)
[0905/235700.741:WARNING:pe_image_reader.cc(340)] could not read dos header from C:\WINDOWS\SYSTEM32\IPHLPAPI.DLL
[0905/235700.741:ERROR:process_memory_win.cc(73)] ReadMemory at 0x7ffe42990000 of 64 bytes failed: Only part of a ReadProcessMemory or WriteProcessMemory request was completed. (0x12B)
[0905/235700.741:WARNING:pe_image_reader.cc(340)] could not read dos header from C:\WINDOWS\SYSTEM32\WINMM.dll
[0905/235700.741:ERROR:process_memory_win.cc(73)] ReadMemory at 0x7ffe26d80000 of 64 bytes failed: Only part of a ReadProcessMemory or WriteProcessMemory request was completed. (0x12B)
[0905/235700.741:WARNING:pe_image_reader.cc(340)] could not read dos header from C:\WINDOWS\SYSTEM32\UIAutomationCore.DLL
[0905/235700.741:ERROR:process_memory_win.cc(73)] ReadMemory at 0x7ffe33a30000 of 64 bytes failed: Only part of a ReadProcessMemory or WriteProcessMemory request was completed. (0x12B)
[0905/235700.741:WARNING:pe_image_reader.cc(340)] could not read dos header from C:\WINDOWS\SYSTEM32\Secur32.dll
[0905/235700.741:ERROR:process_memory_win.cc(73)] ReadMemory at 0x7ffe44b00000 of 64 bytes failed: Only part of a ReadProcessMemory or WriteProcessMemory request was completed. (0x12B)
[0905/235700.741:WARNING:pe_image_reader.cc(340)] could not read dos header from C:\WINDOWS\SYSTEM32\USERENV.dll
[0905/235700.741:ERROR:process_memory_win.cc(73)] ReadMemory at 0x7ffe44c90000 of 64 bytes failed: Only part of a ReadProcessMemory or WriteProcessMemory request was completed. (0x12B)
[0905/235700.741:WARNING:pe_image_reader.cc(340)] could not read dos header from C:\WINDOWS\System32\profapi.dll
[0905/235700.741:ERROR:process_memory_win.cc(73)] ReadMemory at 0x7ffe3a4d0000 of 64 bytes failed: Only part of a ReadProcessMemory or WriteProcessMemory request was completed. (0x12B)
[0905/235700.741:WARNING:pe_image_reader.cc(340)] could not read dos header from C:\WINDOWS\SYSTEM32\DWrite.dll
[0905/235700.741:ERROR:process_memory_win.cc(73)] ReadMemory at 0x7ffe376c0000 of 64 bytes failed: Only part of a ReadProcessMemory or WriteProcessMemory request was completed. (0x12B)
[0905/235700.742:WARNING:pe_image_reader.cc(340)] could not read dos header from C:\WINDOWS\SYSTEM32\WINSPOOL.DRV
[0905/235700.742:ERROR:process_memory_win.cc(73)] ReadMemory at 0x7ffe44c20000 of 64 bytes failed: Only part of a ReadProcessMemory or WriteProcessMemory request was completed. (0x12B)
[0905/235700.742:WARNING:pe_image_reader.cc(340)] could not read dos header from C:\WINDOWS\System32\kernel.appcore.dll
[0905/235700.742:ERROR:process_memory_win.cc(73)] ReadMemory at 0x7ffe45cb0000 of 64 bytes failed: Only part of a ReadProcessMemory or WriteProcessMemory request was completed. (0x12B)
[0905/235700.742:WARNING:pe_image_reader.cc(340)] could not read dos header from C:\WINDOWS\System32\bcrypt.dll
[0905/235700.742:ERROR:process_memory_win.cc(73)] ReadMemory at 0x7ffe435f0000 of 64 bytes failed: Only part of a ReadProcessMemory or WriteProcessMemory request was completed. (0x12B)
[0905/235700.742:WARNING:pe_image_reader.cc(340)] could not read dos header from C:\WINDOWS\SYSTEM32\dbghelp.dll
[0905/235700.742:ERROR:process_memory_win.cc(73)] ReadMemory at 0x7ffe37b30000 of 64 bytes failed: Only part of a ReadProcessMemory or WriteProcessMemory request was completed. (0x12B)
[0905/235700.742:WARNING:pe_image_reader.cc(340)] could not read dos header from C:\WINDOWS\SYSTEM32\WINHTTP.dll
[0905/235700.742:ERROR:process_memory_win.cc(73)] ReadMemory at 0x7ffe3cc50000 of 64 bytes failed: Only part of a ReadProcessMemory or WriteProcessMemory request was completed. (0x12B)
[0905/235700.742:WARNING:pe_image_reader.cc(340)] could not read dos header from C:\WINDOWS\SYSTEM32\dhcpcsvc.DLL
[0905/235700.742:ERROR:process_memory_win.cc(73)] ReadMemory at 0x7ffe45e80000 of 64 bytes failed: Only part of a ReadProcessMemory or WriteProcessMemory request was completed. (0x12B)
[0905/235700.742:WARNING:pe_image_reader.cc(340)] could not read dos header from C:\WINDOWS\System32\NSI.dll
[0905/235700.742:ERROR:process_memory_win.cc(73)] ReadMemory at 0x7ffe424d0000 of 64 bytes failed: Only part of a ReadProcessMemory or WriteProcessMemory request was completed. (0x12B)
[0905/235700.742:WARNING:pe_image_reader.cc(340)] could not read dos header from C:\WINDOWS\SYSTEM32\WINMMBASE.dll
[0905/235700.742:ERROR:process_memory_win.cc(73)] ReadMemory at 0x7ffe45c60000 of 64 bytes failed: Only part of a ReadProcessMemory or WriteProcessMemory request was completed. (0x12B)
[0905/235700.742:WARNING:pe_image_reader.cc(340)] could not read dos header from C:\WINDOWS\System32\cfgmgr32.dll
[0905/235700.742:ERROR:process_memory_win.cc(73)] ReadMemory at 0x7ffe410c0000 of 64 bytes failed: Only part of a ReadProcessMemory or WriteProcessMemory request was completed. (0x12B)
[0905/235700.742:WARNING:pe_image_reader.cc(340)] could not read dos header from C:\WINDOWS\SYSTEM32\PROPSYS.dll
[0905/235700.742:ERROR:process_memory_win.cc(73)] ReadMemory at 0x7ffe469e0000 of 64 bytes failed: Only part of a ReadProcessMemory or WriteProcessMemory request was completed. (0x12B)
[0905/235700.742:WARNING:pe_image_reader.cc(340)] could not read dos header from C:\WINDOWS\System32\shcore.dll
[0905/235700.742:ERROR:process_memory_win.cc(73)] ReadMemory at 0x7ffe44b30000 of 64 bytes failed: Only part of a ReadProcessMemory or WriteProcessMemory request was completed. (0x12B)
[0905/235700.742:WARNING:pe_image_reader.cc(340)] could not read dos header from C:\WINDOWS\SYSTEM32\SSPICLI.DLL
[0905/235700.742:ERROR:process_memory_win.cc(73)] ReadMemory at 0x7ffe44640000 of 64 bytes failed: Only part of a ReadProcessMemory or WriteProcessMemory request was completed. (0x12B)
[0905/235700.742:WARNING:pe_image_reader.cc(340)] could not read dos header from C:\WINDOWS\SYSTEM32\CRYPTBASE.DLL
[0905/235700.742:ERROR:process_memory_win.cc(73)] ReadMemory at 0x7ff7659d0000 of 64 bytes failed: Only part of a ReadProcessMemory or WriteProcessMemory request was completed. (0x12B)
[0905/235700.742:WARNING:pe_image_reader.cc(340)] could not read dos header from C:\Program Files (x86)\Google\Chrome\Application\chrome.exe
[0905/235700.742:ERROR:process_memory_win.cc(73)] ReadMemory at 0x7ffe47d60000 of 64 bytes failed: Only part of a ReadProcessMemory or WriteProcessMemory request was completed. (0x12B)
[0905/235700.742:WARNING:pe_image_reader.cc(340)] could not read dos header from C:\WINDOWS\SYSTEM32\ntdll.dll
[0905/235700.742:ERROR:process_memory_win.cc(73)] ReadMemory at 0x7ffe46f40000 of 64 bytes failed: Only part of a ReadProcessMemory or WriteProcessMemory request was completed. (0x12B)
[0905/235700.742:WARNING:pe_image_reader.cc(340)] could not read dos header from C:\WINDOWS\System32\KERNEL32.DLL
[0905/235700.742:ERROR:process_memory_win.cc(73)] ReadMemory at 0x7ffe44e10000 of 64 bytes failed: Only part of a ReadProcessMemory or WriteProcessMemory request was completed. (0x12B)
[0905/235700.742:WARNING:pe_image_reader.cc(340)] could not read dos header from C:\WINDOWS\System32\KERNELBASE.dll
[0905/235700.742:ERROR:process_memory_win.cc(73)] ReadMemory at 0x7ffe1aff0000 of 64 bytes failed: Only part of a ReadProcessMemory or WriteProcessMemory request was completed. (0x12B)
[0905/235700.742:WARNING:pe_image_reader.cc(340)] could not read dos header from C:\Program Files (x86)\Google\Chrome\Application\85.0.4183.83\chrome_elf.dll
[0905/235700.742:ERROR:process_memory_win.cc(73)] ReadMemory at 0x7ffe3c500000 of 64 bytes failed: Only part of a ReadProcessMemory or WriteProcessMemory request was completed. (0x12B)
[0905/235700.742:WARNING:pe_image_reader.cc(340)] could not read dos header from C:\WINDOWS\SYSTEM32\VERSION.dll
[0905/235700.742:ERROR:process_memory_win.cc(73)] ReadMemory at 0x7ffe47080000 of 64 bytes failed: Only part of a ReadProcessMemory or WriteProcessMemory request was completed. (0x12B)
[0905/235700.742:WARNING:pe_image_reader.cc(340)] could not read dos header from C:\WINDOWS\System32\msvcrt.dll
[0905/235700.742:ERROR:process_memory_win.cc(73)] ReadMemory at 0x7ffe45850000 of 64 bytes failed: Only part of a ReadProcessMemory or WriteProcessMemory request was completed. (0x12B)
[0905/235700.742:WARNING:pe_image_reader.cc(340)] could not read dos header from C:\WINDOWS\System32\bcryptPrimitives.dll
[0905/235700.742:ERROR:process_memory_win.cc(73)] ReadMemory at 0x7ffe46a90000 of 64 bytes failed: Only part of a ReadProcessMemory or WriteProcessMemory request was completed. (0x12B)
[0905/235700.742:WARNING:pe_image_reader.cc(340)] could not read dos header from C:\WINDOWS\System32\ADVAPI32.dll
[0905/235700.742:ERROR:process_memory_win.cc(73)] ReadMemory at 0x7ffe471d0000 of 64 bytes failed: Only part of a ReadProcessMemory or WriteProcessMemory request was completed. (0x12B)
[0905/235700.742:WARNING:pe_image_reader.cc(340)] could not read dos header from C:\WINDOWS\System32\sechost.dll
[0905/235700.742:ERROR:process_memory_win.cc(73)] ReadMemory at 0x7ffe468c0000 of 64 bytes failed: Only part of a ReadProcessMemory or WriteProcessMemory request was completed. (0x12B)
[0905/235700.742:WARNING:pe_image_reader.cc(340)] could not read dos header from C:\WINDOWS\System32\RPCRT4.dll
[0905/235700.742:ERROR:process_memory_win.cc(73)] ReadMemory at 0x7ffde4810000 of 64 bytes failed: Only part of a ReadProcessMemory or WriteProcessMemory request was completed. (0x12B)
[0905/235700.742:WARNING:pe_image_reader.cc(340)] could not read dos header from C:\Program Files (x86)\Google\Chrome\Application\85.0.4183.83\chrome.dll
[0905/235700.742:ERROR:process_memory_win.cc(73)] ReadMemory at 0x2404b240000 of 64 bytes failed: Only part of a ReadProcessMemory or WriteProcessMemory request was completed. (0x12B)
[0905/235700.742:WARNING:pe_image_reader.cc(340)] could not read dos header from C:\WINDOWS\System32\WS2_32.dll
[0905/235700.742:ERROR:process_memory_win.cc(73)] ReadMemory at 0x7ffe46cf0000 of 64 bytes failed: Only part of a ReadProcessMemory or WriteProcessMemory request was completed. (0x12B)
[0905/235700.742:WARNING:pe_image_reader.cc(340)] could not read dos header from C:\WINDOWS\System32\OLEAUT32.dll
[0905/235700.742:ERROR:process_memory_win.cc(73)] ReadMemory at 0x7ffe458d0000 of 64 bytes failed: Only part of a ReadProcessMemory or WriteProcessMemory request was completed. (0x12B)
[0905/235700.742:WARNING:pe_image_reader.cc(340)] could not read dos header from C:\WINDOWS\System32\msvcp_win.dll
[0905/235700.742:ERROR:process_memory_win.cc(73)] ReadMemory at 0x7ffe45d10000 of 64 bytes failed: Only part of a ReadProcessMemory or WriteProcessMemory request was completed. (0x12B)
[0905/235700.742:WARNING:pe_image_reader.cc(340)] could not read dos header from C:\WINDOWS\System32\ucrtbase.dll
[0905/235700.742:ERROR:process_memory_win.cc(73)] ReadMemory at 0x7ffe46580000 of 64 bytes failed: Only part of a ReadProcessMemory or WriteProcessMemory request was completed. (0x12B)
[0905/235700.742:WARNING:pe_image_reader.cc(340)] could not read dos header from C:\WINDOWS\System32\combase.dll
[0905/235700.742:ERROR:process_memory_win.cc(73)] ReadMemory at 0x7ffe44ce0000 of 64 bytes failed: Only part of a ReadProcessMemory or WriteProcessMemory request was completed. (0x12B)
[0905/235700.742:WARNING:pe_image_reader.cc(340)] could not read dos header from C:\WINDOWS\System32\WINTRUST.dll
[0905/235700.746:ERROR:process_memory_win.cc(73)] ReadMemory at 0x7ffe44cc0000 of 64 bytes failed: Only part of a ReadProcessMemory or WriteProcessMemory request was completed. (0x12B)
[0905/235700.746:WARNING:pe_image_reader.cc(340)] could not read dos header from C:\WINDOWS\System32\MSASN1.dll
[0905/235700.746:ERROR:process_memory_win.cc(73)] ReadMemory at 0x7ffe45b10000 of 64 bytes failed: Only part of a ReadProcessMemory or WriteProcessMemory request was completed. (0x12B)
[0905/235700.746:WARNING:pe_image_reader.cc(340)] could not read dos header from C:\WINDOWS\System32\CRYPT32.dll
[0905/235700.746:ERROR:process_memory_win.cc(73)] ReadMemory at 0x7ffe44180000 of 64 bytes failed: Only part of a ReadProcessMemory or WriteProcessMemory request was completed. (0x12B)
[0905/235700.746:WARNING:pe_image_reader.cc(340)] could not read dos header from C:\WINDOWS\SYSTEM32\IPHLPAPI.DLL
[0905/235700.746:ERROR:process_memory_win.cc(73)] ReadMemory at 0x7ffe42990000 of 64 bytes failed: Only part of a ReadProcessMemory or WriteProcessMemory request was completed. (0x12B)
[0905/235700.746:WARNING:pe_image_reader.cc(340)] could not read dos header from C:\WINDOWS\SYSTEM32\WINMM.dll
[0905/235700.746:ERROR:process_memory_win.cc(73)] ReadMemory at 0x7ffe26d80000 of 64 bytes failed: Only part of a ReadProcessMemory or WriteProcessMemory request was completed. (0x12B)
[0905/235700.746:WARNING:pe_image_reader.cc(340)] could not read dos header from C:\WINDOWS\SYSTEM32\UIAutomationCore.DLL
[0905/235700.746:ERROR:process_memory_win.cc(73)] ReadMemory at 0x7ffe33a30000 of 64 bytes failed: Only part of a ReadProcessMemory or WriteProcessMemory request was completed. (0x12B)
[0905/235700.746:WARNING:pe_image_reader.cc(340)] could not read dos header from C:\WINDOWS\SYSTEM32\Secur32.dll
[0905/235700.746:ERROR:process_memory_win.cc(73)] ReadMemory at 0x7ffe44b00000 of 64 bytes failed: Only part of a ReadProcessMemory or WriteProcessMemory request was completed. (0x12B)
[0905/235700.746:WARNING:pe_image_reader.cc(340)] could not read dos header from C:\WINDOWS\SYSTEM32\USERENV.dll
[0905/235700.746:ERROR:process_memory_win.cc(73)] ReadMemory at 0x7ffe44c90000 of 64 bytes failed: Only part of a ReadProcessMemory or WriteProcessMemory request was completed. (0x12B)
[0905/235700.746:WARNING:pe_image_reader.cc(340)] could not read dos header from C:\WINDOWS\System32\profapi.dll
[0905/235700.746:ERROR:process_memory_win.cc(73)] ReadMemory at 0x7ffe3a4d0000 of 64 bytes failed: Only part of a ReadProcessMemory or WriteProcessMemory request was completed. (0x12B)
[0905/235700.746:WARNING:pe_image_reader.cc(340)] could not read dos header from C:\WINDOWS\SYSTEM32\DWrite.dll
[0905/235700.746:ERROR:process_memory_win.cc(73)] ReadMemory at 0x7ffe376c0000 of 64 bytes failed: Only part of a ReadProcessMemory or WriteProcessMemory request was completed. (0x12B)
[0905/235700.746:WARNING:pe_image_reader.cc(340)] could not read dos header from C:\WINDOWS\SYSTEM32\WINSPOOL.DRV
[0905/235700.746:ERROR:process_memory_win.cc(73)] ReadMemory at 0x7ffe44c20000 of 64 bytes failed: Only part of a ReadProcessMemory or WriteProcessMemory request was completed. (0x12B)
[0905/235700.758:WARNING:pe_image_reader.cc(340)] could not read dos header from C:\WINDOWS\System32\kernel.appcore.dll
[0905/235700.758:ERROR:process_memory_win.cc(73)] ReadMemory at 0x7ffe45cb0000 of 64 bytes failed: Only part of a ReadProcessMemory or WriteProcessMemory request was completed. (0x12B)
[0905/235700.758:WARNING:pe_image_reader.cc(340)] could not read dos header from C:\WINDOWS\System32\bcrypt.dll
[0905/235700.758:ERROR:process_memory_win.cc(73)] ReadMemory at 0x7ffe435f0000 of 64 bytes failed: Only part of a ReadProcessMemory or WriteProcessMemory request was completed. (0x12B)
[0905/235700.758:WARNING:pe_image_reader.cc(340)] could not read dos header from C:\WINDOWS\SYSTEM32\dbghelp.dll
[0905/235700.758:ERROR:process_memory_win.cc(73)] ReadMemory at 0x7ffe37b30000 of 64 bytes failed: Only part of a ReadProcessMemory or WriteProcessMemory request was completed. (0x12B)
[0905/235700.762:WARNING:pe_image_reader.cc(340)] could not read dos header from C:\WINDOWS\SYSTEM32\WINHTTP.dll
[0905/235700.762:ERROR:process_memory_win.cc(73)] ReadMemory at 0x7ffe3cc50000 of 64 bytes failed: Only part of a ReadProcessMemory or WriteProcessMemory request was completed. (0x12B)
[0905/235700.762:WARNING:pe_image_reader.cc(340)] could not read dos header from C:\WINDOWS\SYSTEM32\dhcpcsvc.DLL
[0905/235700.762:ERROR:process_memory_win.cc(73)] ReadMemory at 0x7ffe45e80000 of 64 bytes failed: Only part of a ReadProcessMemory or WriteProcessMemory request was completed. (0x12B)
[0905/235700.762:WARNING:pe_image_reader.cc(340)] could not read dos header from C:\WINDOWS\System32\NSI.dll
[0905/235700.762:ERROR:process_memory_win.cc(73)] ReadMemory at 0x7ffe424d0000 of 64 bytes failed: Only part of a ReadProcessMemory or WriteProcessMemory request was completed. (0x12B)
[0905/235700.762:WARNING:pe_image_reader.cc(340)] could not read dos header from C:\WINDOWS\SYSTEM32\WINMMBASE.dll
[0905/235700.762:ERROR:process_memory_win.cc(73)] ReadMemory at 0x7ffe45c60000 of 64 bytes failed: Only part of a ReadProcessMemory or WriteProcessMemory request was completed. (0x12B)
[0905/235700.762:WARNING:pe_image_reader.cc(340)] could not read dos header from C:\WINDOWS\System32\cfgmgr32.dll
[0905/235700.762:ERROR:process_memory_win.cc(73)] ReadMemory at 0x7ffe410c0000 of 64 bytes failed: Only part of a ReadProcessMemory or WriteProcessMemory request was completed. (0x12B)
[0905/235700.762:WARNING:pe_image_reader.cc(340)] could not read dos header from C:\WINDOWS\SYSTEM32\PROPSYS.dll
[0905/235700.762:ERROR:process_memory_win.cc(73)] ReadMemory at 0x7ffe469e0000 of 64 bytes failed: Only part of a ReadProcessMemory or WriteProcessMemory request was completed. (0x12B)
[0905/235700.762:WARNING:pe_image_reader.cc(340)] could not read dos header from C:\WINDOWS\System32\shcore.dll
[0905/235700.762:ERROR:process_memory_win.cc(73)] ReadMemory at 0x7ffe44b30000 of 64 bytes failed: Only part of a ReadProcessMemory or WriteProcessMemory request was completed. (0x12B)
[0905/235700.762:WARNING:pe_image_reader.cc(340)] could not read dos header from C:\WINDOWS\SYSTEM32\SSPICLI.DLL
[0905/235700.762:ERROR:process_memory_win.cc(73)] ReadMemory at 0x7ffe44640000 of 64 bytes failed: Only part of a ReadProcessMemory or WriteProcessMemory request was completed. (0x12B)
[0905/235700.762:WARNING:pe_image_reader.cc(340)] could not read dos header from C:\WINDOWS\SYSTEM32\CRYPTBASE.DLL
[0905/235700.829:ERROR:process_memory_win.cc(73)] ReadMemory at 0xdca23e7000 of 102400 bytes failed: Only part of a ReadProcessMemory or WriteProcessMemory request was completed. (0x12B)
[0905/235700.829:ERROR:process_memory_win.cc(73)] ReadMemory at 0xdca2bfd000 of 12288 bytes failed: Only part of a ReadProcessMemory or WriteProcessMemory request was completed. (0x12B)
[0905/235700.829:ERROR:process_memory_win.cc(73)] ReadMemory at 0xdca33f9000 of 28672 bytes failed: Only part of a ReadProcessMemory or WriteProcessMemory request was completed. (0x12B)
[0905/235700.829:ERROR:process_memory_win.cc(73)] ReadMemory at 0xdca3bfd000 of 12288 bytes failed: Only part of a ReadProcessMemory or WriteProcessMemory request was completed. (0x12B)
[0905/235700.829:ERROR:process_memory_win.cc(73)] ReadMemory at 0xdca43fb000 of 20480 bytes failed: Only part of a ReadProcessMemory or WriteProcessMemory request was completed. (0x12B)
[0905/235700.829:ERROR:process_memory_win.cc(73)] ReadMemory at 0xdca4bff000 of 4096 bytes failed: Only part of a ReadProcessMemory or WriteProcessMemory request was completed. (0x12B)
[0905/235700.829:ERROR:process_memory_win.cc(73)] ReadMemory at 0xdca53fd000 of 12288 bytes failed: Only part of a ReadProcessMemory or WriteProcessMemory request was completed. (0x12B)
[0905/235700.829:ERROR:process_memory_win.cc(73)] ReadMemory at 0xdca5bfc000 of 16384 bytes failed: Only part of a ReadProcessMemory or WriteProcessMemory request was completed. (0x12B)
[0905/235700.829:ERROR:process_memory_win.cc(73)] ReadMemory at 0xdca6bfd000 of 12288 bytes failed: Only part of a ReadProcessMemory or WriteProcessMemory request was completed. (0x12B)
[0905/235700.829:ERROR:process_memory_win.cc(73)] ReadMemory at 0xdca73fb000 of 20480 bytes failed: Only part of a ReadProcessMemory or WriteProcessMemory request was completed. (0x12B)
[0905/235700.829:ERROR:process_memory_win.cc(73)] ReadMemory at 0xdca7bfc000 of 16384 bytes failed: Only part of a ReadProcessMemory or WriteProcessMemory request was completed. (0x12B)
[0905/235700.829:ERROR:process_memory_win.cc(73)] ReadMemory at 0xdca83fd000 of 12288 bytes failed: Only part of a ReadProcessMemory or WriteProcessMemory request was completed. (0x12B)
[0905/235700.829:ERROR:process_memory_win.cc(73)] ReadMemory at 0xdca8bfc000 of 16384 bytes failed: Only part of a ReadProcessMemory or WriteProcessMemory request was completed. (0x12B)
[0905/235700.829:ERROR:process_memory_win.cc(73)] ReadMemory at 0xdca93fc000 of 16384 bytes failed: Only part of a ReadProcessMemory or WriteProcessMemory request was completed. (0x12B)
[0905/235700.829:ERROR:process_memory_win.cc(73)] ReadMemory at 0xdca63fd000 of 12288 bytes failed: Only part of a ReadProcessMemory or WriteProcessMemory request was completed. (0x12B)
[0905/235700.829:ERROR:process_memory_win.cc(73)] ReadMemory at 0xdca9bff000 of 4096 bytes failed: Only part of a ReadProcessMemory or WriteProcessMemory request was completed. (0x12B)
[0905/235701.112:ERROR:process_memory_win.cc(73)] ReadMemory at 0xdca1b4c000 of 852 bytes failed: Only part of a ReadProcessMemory or WriteProcessMemory request was completed. (0x12B)
[0905/235701.258:ERROR:process_memory_win.cc(73)] ReadMemory at 0xdca1b4d000 of 6024 bytes failed: Only part of a ReadProcessMemory or WriteProcessMemory request was completed. (0x12B)
[0905/235701.269:ERROR:process_memory_win.cc(73)] ReadMemory at 0xdca1b4f000 of 6024 bytes failed: Only part of a ReadProcessMemory or WriteProcessMemory request was completed. (0x12B)
[0905/235701.270:ERROR:process_memory_win.cc(73)] ReadMemory at 0xdca1b51000 of 6024 bytes failed: Only part of a ReadProcessMemory or WriteProcessMemory request was completed. (0x12B)
[0905/235701.640:ERROR:process_memory_win.cc(73)] ReadMemory at 0xdca1b53000 of 6024 bytes failed: Only part of a ReadProcessMemory or WriteProcessMemory request was completed. (0x12B)
[0905/235701.641:ERROR:process_memory_win.cc(73)] ReadMemory at 0xdca1b55000 of 6024 bytes failed: Only part of a ReadProcessMemory or WriteProcessMemory request was completed. (0x12B)
[0905/235701.641:ERROR:process_memory_win.cc(73)] ReadMemory at 0xdca1b57000 of 6024 bytes failed: Only part of a ReadProcessMemory or WriteProcessMemory request was completed. (0x12B)
[0905/235701.641:ERROR:process_memory_win.cc(73)] ReadMemory at 0xdca1b59000 of 6024 bytes failed: Only part of a ReadProcessMemory or WriteProcessMemory request was completed. (0x12B)
[0905/235701.641:ERROR:process_memory_win.cc(73)] ReadMemory at 0xdca1b5b000 of 6024 bytes failed: Only part of a ReadProcessMemory or WriteProcessMemory request was completed. (0x12B)
[0905/235701.641:ERROR:process_memory_win.cc(73)] ReadMemory at 0xdca1b5f000 of 6024 bytes failed: Only part of a ReadProcessMemory or WriteProcessMemory request was completed. (0x12B)
[0905/235701.641:ERROR:process_memory_win.cc(73)] ReadMemory at 0xdca1b61000 of 6024 bytes failed: Only part of a ReadProcessMemory or WriteProcessMemory request was completed. (0x12B)
[0905/235701.641:ERROR:process_memory_win.cc(73)] ReadMemory at 0xdca1b63000 of 6024 bytes failed: Only part of a ReadProcessMemory or WriteProcessMemory request was completed. (0x12B)
[0905/235701.641:ERROR:process_memory_win.cc(73)] ReadMemory at 0xdca1b65000 of 6024 bytes failed: Only part of a ReadProcessMemory or WriteProcessMemory request was completed. (0x12B)
[0905/235701.641:ERROR:process_memory_win.cc(73)] ReadMemory at 0xdca1b67000 of 6024 bytes failed: Only part of a ReadProcessMemory or WriteProcessMemory request was completed. (0x12B)
[0905/235701.645:ERROR:process_memory_win.cc(73)] ReadMemory at 0xdca1b69000 of 6024 bytes failed: Only part of a ReadProcessMemory or WriteProcessMemory request was completed. (0x12B)
[0905/235701.645:ERROR:process_memory_win.cc(73)] ReadMemory at 0xdca1b6b000 of 6024 bytes failed: Only part of a ReadProcessMemory or WriteProcessMemory request was completed. (0x12B)
[0905/235701.645:ERROR:process_memory_win.cc(73)] ReadMemory at 0xdca1b6d000 of 6024 bytes failed: Only part of a ReadProcessMemory or WriteProcessMemory request was completed. (0x12B)
[0905/235701.645:ERROR:process_memory_win.cc(73)] ReadMemory at 0x2404b120dc0 of 512 bytes failed: Only part of a ReadProcessMemory or WriteProcessMemory request was completed. (0x12B)
[0905/235701.992:ERROR:process_memory_win.cc(73)] ReadMemory at 0x2404b2c0fe0 of 16218 bytes failed: Only part of a ReadProcessMemory or WriteProcessMemory request was completed. (0x12B)
[0905/235702.401:ERROR:process_memory_win.cc(73)] ReadMemory at 0x2404b2c4f50 of 1012 bytes failed: Only part of a ReadProcessMemory or WriteProcessMemory request was completed. (0x12B)
[0905/235702.617:ERROR:process_memory_win.cc(73)] ReadMemory at 0x2404b2c5598 of 118 bytes failed: Only part of a ReadProcessMemory or WriteProcessMemory request was completed. (0x12B)
[0905/235702.804:ERROR:process_memory_win.cc(73)] ReadMemory at 0x2404b2c5610 of 854 bytes failed: Only part of a ReadProcessMemory or WriteProcessMemory request was completed. (0x12B)
[0905/235702.804:ERROR:process_memory_win.cc(73)] ReadMemory at 0x2404b2c5968 of 118 bytes failed: Only part of a ReadProcessMemory or WriteProcessMemory request was completed. (0x12B)
[0905/235702.806:ERROR:process_memory_win.cc(73)] ReadMemory at 0x2404b2c59e0 of 102 bytes failed: Only part of a ReadProcessMemory or WriteProcessMemory request was completed. (0x12B)
[0905/235702.806:ERROR:process_memory_win.cc(73)] ReadMemory at 0x2404b2c5a60 of 58 bytes failed: Only part of a ReadProcessMemory or WriteProcessMemory request was completed. (0x12B)
[0905/235702.807:ERROR:process_memory_win.cc(73)] ReadMemory at 0x2404b2c5b60 of 132 bytes failed: Only part of a ReadProcessMemory or WriteProcessMemory request was completed. (0x12B)
[0905/235702.807:ERROR:process_memory_win.cc(73)] ReadMemory at 0x2404b2c5cf0 of 132 bytes failed: Only part of a ReadProcessMemory or WriteProcessMemory request was completed. (0x12B)
[0905/235702.807:ERROR:process_memory_win.cc(73)] ReadMemory at 0x2404b2c5eb0 of 124 bytes failed: Only part of a ReadProcessMemory or WriteProcessMemory request was completed. (0x12B)
[0905/235702.808:ERROR:process_memory_win.cc(73)] ReadMemory at 0x2404b2c6290 of 132 bytes failed: Only part of a ReadProcessMemory or WriteProcessMemory request was completed. (0x12B)
[0905/235702.808:ERROR:process_memory_win.cc(73)] ReadMemory at 0x2404b2c6420 of 64 bytes failed: Only part of a ReadProcessMemory or WriteProcessMemory request was completed. (0x12B)
[0905/235702.808:ERROR:process_memory_win.cc(73)] ReadMemory at 0x2404b2c65e0 of 132 bytes failed: Only part of a ReadProcessMemory or WriteProcessMemory request was completed. (0x12B)
[0905/235702.808:ERROR:process_memory_win.cc(73)] ReadMemory at 0x2404b2c6880 of 132 bytes failed: Only part of a ReadProcessMemory or WriteProcessMemory request was completed. (0x12B)
[0905/235702.808:ERROR:process_memory_win.cc(73)] ReadMemory at 0x2404b2c6a10 of 68 bytes failed: Only part of a ReadProcessMemory or WriteProcessMemory request was completed. (0x12B)
[0905/235702.808:ERROR:process_memory_win.cc(73)] ReadMemory at 0x2404b2c7b10 of 132 bytes failed: Only part of a ReadProcessMemory or WriteProcessMemory request was completed. (0x12B)
[0905/235702.808:ERROR:process_memory_win.cc(73)] ReadMemory at 0x2404b2c7ca0 of 152 bytes failed: Only part of a ReadProcessMemory or WriteProcessMemory request was completed. (0x12B)
[0905/235702.808:ERROR:process_memory_win.cc(73)] ReadMemory at 0x2404b2c9ab0 of 62 bytes failed: Only part of a ReadProcessMemory or WriteProcessMemory request was completed. (0x12B)
[0905/235703.145:ERROR:process_memory_win.cc(73)] ReadMemory at 0x2404b2c9c10 of 132 bytes failed: Only part of a ReadProcessMemory or WriteProcessMemory request was completed. (0x12B)
[0905/235703.592:ERROR:process_memory_win.cc(73)] ReadMemory at 0x2404b2c9da0 of 60 bytes failed: Only part of a ReadProcessMemory or WriteProcessMemory request was completed. (0x12B)
[0905/235703.592:ERROR:process_memory_win.cc(73)] ReadMemory at 0x2404b2d80f0 of 62 bytes failed: Only part of a ReadProcessMemory or WriteProcessMemory request was completed. (0x12B)
[0905/235703.592:ERROR:process_memory_win.cc(73)] ReadMemory at 0x2404b2d8140 of 64 bytes failed: Only part of a ReadProcessMemory or WriteProcessMemory request was completed. (0x12B)
[0905/235703.592:ERROR:process_memory_win.cc(73)] ReadMemory at 0x2404b2d85f0 of 62 bytes failed: Only part of a ReadProcessMemory or WriteProcessMemory request was completed. (0x12B)
[0905/235703.592:ERROR:process_memory_win.cc(73)] ReadMemory at 0x2404b2d86e0 of 64 bytes failed: Only part of a ReadProcessMemory or WriteProcessMemory request was completed. (0x12B)
[0905/235703.592:ERROR:process_memory_win.cc(73)] ReadMemory at 0x2404b2d8870 of 64 bytes failed: Only part of a ReadProcessMemory or WriteProcessMemory request was completed. (0x12B)
[0905/235703.592:ERROR:process_memory_win.cc(73)] ReadMemory at 0x2404b2d88c0 of 60 bytes failed: Only part of a ReadProcessMemory or WriteProcessMemory request was completed. (0x12B)
[0905/235703.592:ERROR:process_memory_win.cc(73)] ReadMemory at 0x2404b2d8a00 of 60 bytes failed: Only part of a ReadProcessMemory or WriteProcessMemory request was completed. (0x12B)
[0905/235703.592:ERROR:process_memory_win.cc(73)] ReadMemory at 0x2404b2d8b40 of 64 bytes failed: Only part of a ReadProcessMemory or WriteProcessMemory request was completed. (0x12B)
[0905/235703.595:ERROR:process_memory_win.cc(73)] ReadMemory at 0x2404b2d8b90 of 62 bytes failed: Only part of a ReadProcessMemory or WriteProcessMemory request was completed. (0x12B)
[0905/235703.595:ERROR:process_memory_win.cc(73)] ReadMemory at 0x2404b2d8eb0 of 64 bytes failed: Only part of a ReadProcessMemory or WriteProcessMemory request was completed. (0x12B)
[0905/235703.597:ERROR:process_memory_win.cc(73)] ReadMemory at 0x2404b2d8f50 of 66 bytes failed: Only part of a ReadProcessMemory or WriteProcessMemory request was completed. (0x12B)
[0905/235703.597:ERROR:process_memory_win.cc(73)] ReadMemory at 0x2404b2d8fa0 of 60 bytes failed: Only part of a ReadProcessMemory or WriteProcessMemory request was completed. (0x12B)
[0905/235703.597:ERROR:process_memory_win.cc(73)] ReadMemory at 0x2404b2dbf80 of 132 bytes failed: Only part of a ReadProcessMemory or WriteProcessMemory request was completed. (0x12B)
[0905/235703.597:ERROR:process_memory_win.cc(73)] ReadMemory at 0x2404b2dc250 of 132 bytes failed: Only part of a ReadProcessMemory or WriteProcessMemory request was completed. (0x12B)
[0905/235703.647:ERROR:process_memory_win.cc(73)] ReadMemory at 0x2404b2dc380 of 132 bytes failed: Only part of a ReadProcessMemory or WriteProcessMemory request was completed. (0x12B)
[0905/235703.669:ERROR:process_memory_win.cc(73)] ReadMemory at 0x2404b2dc930 of 132 bytes failed: Only part of a ReadProcessMemory or WriteProcessMemory request was completed. (0x12B)
[0905/235703.669:ERROR:process_memory_win.cc(73)] ReadMemory at 0x2404b2dcc70 of 132 bytes failed: Only part of a ReadProcessMemory or WriteProcessMemory request was completed. (0x12B)
[0905/235703.669:ERROR:process_memory_win.cc(73)] ReadMemory at 0x2404b2dcdf0 of 132 bytes failed: Only part of a ReadProcessMemory or WriteProcessMemory request was completed. (0x12B)
[0905/235703.669:ERROR:process_memory_win.cc(73)] ReadMemory at 0x2404b2dcf20 of 132 bytes failed: Only part of a ReadProcessMemory or WriteProcessMemory request was completed. (0x12B)
[0905/235703.729:ERROR:process_memory_win.cc(73)] ReadMemory at 0x2404b2dd050 of 132 bytes failed: Only part of a ReadProcessMemory or WriteProcessMemory request was completed. (0x12B)
[0905/235703.729:ERROR:process_memory_win.cc(73)] ReadMemory at 0x2404b2dd180 of 132 bytes failed: Only part of a ReadProcessMemory or WriteProcessMemory request was completed. (0x12B)
[0905/235703.730:ERROR:process_memory_win.cc(73)] ReadMemory at 0x2404b2dd2b0 of 132 bytes failed: Only part of a ReadProcessMemory or WriteProcessMemory request was completed. (0x12B)
[0905/235703.775:ERROR:process_memory_win.cc(73)] ReadMemory at 0x2404b2dd510 of 132 bytes failed: Only part of a ReadProcessMemory or WriteProcessMemory request was completed. (0x12B)
[0905/235703.775:ERROR:process_memory_win.cc(73)] ReadMemory at 0x2404b2dd640 of 132 bytes failed: Only part of a ReadProcessMemory or WriteProcessMemory request was completed. (0x12B)
[0905/235703.775:ERROR:process_memory_win.cc(73)] ReadMemory at 0x2404b2dd770 of 132 bytes failed: Only part of a ReadProcessMemory or WriteProcessMemory request was completed. (0x12B)
[0905/235703.775:ERROR:process_memory_win.cc(73)] ReadMemory at 0x2404b2dd8a0 of 132 bytes failed: Only part of a ReadProcessMemory or WriteProcessMemory request was completed. (0x12B)
[0905/235703.775:ERROR:process_memory_win.cc(73)] ReadMemory at 0x2404b2dd9d0 of 132 bytes failed: Only part of a ReadProcessMemory or WriteProcessMemory request was completed. (0x12B)
[0905/235703.887:ERROR:process_memory_win.cc(73)] ReadMemory at 0x2404b2ddb00 of 132 bytes failed: Only part of a ReadProcessMemory or WriteProcessMemory request was completed. (0x12B)
[0905/235703.890:ERROR:process_memory_win.cc(73)] ReadMemory at 0x2404b2ddc30 of 132 bytes failed: Only part of a ReadProcessMemory or WriteProcessMemory request was completed. (0x12B)
[0905/235704.228:ERROR:process_memory_win.cc(73)] ReadMemory at 0x2404b2e1b80 of 80 bytes failed: Only part of a ReadProcessMemory or WriteProcessMemory request was completed. (0x12B)
[0905/235704.230:ERROR:process_memory_win.cc(73)] ReadMemory at 0x2404b2e2fb0 of 132 bytes failed: Only part of a ReadProcessMemory or WriteProcessMemory request was completed. (0x12B)
[0905/235704.231:ERROR:process_memory_win.cc(73)] ReadMemory at 0x2404b2e5da0 of 144 bytes failed: Only part of a ReadProcessMemory or WriteProcessMemory request was completed. (0x12B)
[0905/235704.231:ERROR:process_memory_win.cc(73)] ReadMemory at 0x2404b2e79a0 of 132 bytes failed: Only part of a ReadProcessMemory or WriteProcessMemory request was completed. (0x12B)
[0905/235704.231:ERROR:process_memory_win.cc(73)] ReadMemory at 0x2404b2e7d00 of 132 bytes failed: Only part of a ReadProcessMemory or WriteProcessMemory request was completed. (0x12B)
[0905/235704.231:ERROR:process_memory_win.cc(73)] ReadMemory at 0x2404b2e81b0 of 54 bytes failed: Only part of a ReadProcessMemory or WriteProcessMemory request was completed. (0x12B)
[0905/235704.382:ERROR:process_memory_win.cc(73)] ReadMemory at 0x2404b2ebbb0 of 132 bytes failed: Only part of a ReadProcessMemory or WriteProcessMemory request was completed. (0x12B)
[0905/235704.382:ERROR:process_memory_win.cc(73)] ReadMemory at 0x2404b2ebde0 of 132 bytes failed: Only part of a ReadProcessMemory or WriteProcessMemory request was completed. (0x12B)
[0905/235704.382:ERROR:process_memory_win.cc(73)] ReadMemory at 0x2404b2ebf60 of 76 bytes failed: Only part of a ReadProcessMemory or WriteProcessMemory request was completed. (0x12B)
[0905/235704.382:ERROR:process_memory_win.cc(73)] ReadMemory at 0x2404b2ec860 of 80 bytes failed: Only part of a ReadProcessMemory or WriteProcessMemory request was completed. (0x12B)
[0905/235704.384:ERROR:process_memory_win.cc(73)] ReadMemory at 0x2404b2ecf70 of 132 bytes failed: Only part of a ReadProcessMemory or WriteProcessMemory request was completed. (0x12B)
[0905/235704.384:ERROR:process_memory_win.cc(73)] ReadMemory at 0x2404b2ed7c0 of 132 bytes failed: Only part of a ReadProcessMemory or WriteProcessMemory request was completed. (0x12B)
[0905/235704.384:ERROR:process_memory_win.cc(73)] ReadMemory at 0x2404b2ed8f0 of 132 bytes failed: Only part of a ReadProcessMemory or WriteProcessMemory request was completed. (0x12B)
[0905/235704.384:ERROR:process_memory_win.cc(73)] ReadMemory at 0x2404b2edb50 of 132 bytes failed: Only part of a ReadProcessMemory or WriteProcessMemory request was completed. (0x12B)
[0905/235704.384:ERROR:process_memory_win.cc(73)] ReadMemory at 0x2404b2edc80 of 132 bytes failed: Only part of a ReadProcessMemory or WriteProcessMemory request was completed. (0x12B)
[0905/235704.384:ERROR:process_memory_win.cc(73)] ReadMemory at 0x2404b2edee0 of 132 bytes failed: Only part of a ReadProcessMemory or WriteProcessMemory request was completed. (0x12B)
[0905/235704.455:ERROR:process_memory_win.cc(73)] ReadMemory at 0x2404b2ee140 of 132 bytes failed: Only part of a ReadProcessMemory or WriteProcessMemory request was completed. (0x12B)
[0905/235704.455:ERROR:process_memory_win.cc(73)] ReadMemory at 0x2404b2ee4d0 of 132 bytes failed: Only part of a ReadProcessMemory or WriteProcessMemory request was completed. (0x12B)
[0905/235704.455:ERROR:process_memory_win.cc(73)] ReadMemory at 0x2404b2ee860 of 132 bytes failed: Only part of a ReadProcessMemory or WriteProcessMemory request was completed. (0x12B)
[0905/235704.456:ERROR:process_memory_win.cc(73)] ReadMemory at 0x2404b2eebf0 of 132 bytes failed: Only part of a ReadProcessMemory or WriteProcessMemory request was completed. (0x12B)
[0905/235704.740:ERROR:process_memory_win.cc(73)] ReadMemory at 0x2404b2ef830 of 60 bytes failed: Only part of a ReadProcessMemory or WriteProcessMemory request was completed. (0x12B)
[0905/235704.762:ERROR:process_memory_win.cc(73)] ReadMemory at 0x2404b2ef920 of 64 bytes failed: Only part of a ReadProcessMemory or WriteProcessMemory request was completed. (0x12B)
[0905/235704.762:ERROR:process_memory_win.cc(73)] ReadMemory at 0x2404b2ef970 of 60 bytes failed: Only part of a ReadProcessMemory or WriteProcessMemory request was completed. (0x12B)
[0905/235704.762:ERROR:process_memory_win.cc(73)] ReadMemory at 0x2404b2efdd0 of 62 bytes failed: Only part of a ReadProcessMemory or WriteProcessMemory request was completed. (0x12B)
[0905/235704.762:ERROR:process_memory_win.cc(73)] ReadMemory at 0x2404b2efe20 of 60 bytes failed: Only part of a ReadProcessMemory or WriteProcessMemory request was completed. (0x12B)
[0905/235704.762:ERROR:process_memory_win.cc(73)] ReadMemory at 0x2404b2eff10 of 62 bytes failed: Only part of a ReadProcessMemory or WriteProcessMemory request was completed. (0x12B)
[0905/235704.763:ERROR:process_memory_win.cc(73)] ReadMemory at 0x2404b2eff60 of 62 bytes failed: Only part of a ReadProcessMemory or WriteProcessMemory request was completed. (0x12B)
[0905/235704.770:ERROR:process_memory_win.cc(73)] ReadMemory at 0x2404b2f0050 of 64 bytes failed: Only part of a ReadProcessMemory or WriteProcessMemory request was completed. (0x12B)
[0905/235704.774:ERROR:process_memory_win.cc(73)] ReadMemory at 0x2404b2f00a0 of 62 bytes failed: Only part of a ReadProcessMemory or WriteProcessMemory request was completed. (0x12B)
[0905/235704.774:ERROR:process_memory_win.cc(73)] ReadMemory at 0x2404b2f00f0 of 62 bytes failed: Only part of a ReadProcessMemory or WriteProcessMemory request was completed. (0x12B)
[0905/235704.774:ERROR:process_memory_win.cc(73)] ReadMemory at 0x2404b2f0190 of 64 bytes failed: Only part of a ReadProcessMemory or WriteProcessMemory request was completed. (0x12B)
[0905/235704.799:ERROR:process_memory_win.cc(73)] ReadMemory at 0x2404b2f0280 of 62 bytes failed: Only part of a ReadProcessMemory or WriteProcessMemory request was completed. (0x12B)
[0905/235704.799:ERROR:process_memory_win.cc(73)] ReadMemory at 0x2404b2f05a0 of 58 bytes failed: Only part of a ReadProcessMemory or WriteProcessMemory request was completed. (0x12B)
[0905/235705.174:ERROR:process_memory_win.cc(73)] ReadMemory at 0x2404b2f05f0 of 66 bytes failed: Only part of a ReadProcessMemory or WriteProcessMemory request was completed. (0x12B)
[0905/235705.281:ERROR:process_memory_win.cc(73)] ReadMemory at 0x2404b2f0640 of 62 bytes failed: Only part of a ReadProcessMemory or WriteProcessMemory request was completed. (0x12B)
[0905/235705.325:ERROR:process_memory_win.cc(73)] ReadMemory at 0x2404b2fd960 of 512 bytes failed: Only part of a ReadProcessMemory or WriteProcessMemory request was completed. (0x12B)
[0905/235705.657:ERROR:process_memory_win.cc(73)] ReadMemory at 0x2404b33a1f0 of 512 bytes failed: Only part of a ReadProcessMemory or WriteProcessMemory request was completed. (0x12B)
[0905/235705.811:ERROR:process_memory_win.cc(73)] ReadMemory at 0x2404b34d618 of 512 bytes failed: Only part of a ReadProcessMemory or WriteProcessMemory request was completed. (0x12B)
[0905/235706.021:ERROR:process_memory_win.cc(73)] ReadMemory at 0x2404b353930 of 512 bytes failed: Only part of a ReadProcessMemory or WriteProcessMemory request was completed. (0x12B)
[0905/235706.130:ERROR:process_memory_win.cc(73)] ReadMemory at 0x2404b35a9c0 of 512 bytes failed: Only part of a ReadProcessMemory or WriteProcessMemory request was completed. (0x12B)
[0905/235706.133:ERROR:process_memory_win.cc(73)] ReadMemory at 0x2404b37c890 of 512 bytes failed: Only part of a ReadProcessMemory or WriteProcessMemory request was completed. (0x12B)
[0905/235706.134:ERROR:process_memory_win.cc(73)] ReadMemory at 0x2404b37d850 of 512 bytes failed: Only part of a ReadProcessMemory or WriteProcessMemory request was completed. (0x12B)
[0905/235706.134:ERROR:process_memory_win.cc(73)] ReadMemory at 0x2404b3836e0 of 512 bytes failed: Only part of a ReadProcessMemory or WriteProcessMemory request was completed. (0x12B)
[0905/235706.255:ERROR:process_memory_win.cc(73)] ReadMemory at 0x2404b390360 of 512 bytes failed: Only part of a ReadProcessMemory or WriteProcessMemory request was completed. (0x12B)
[0905/235706.375:ERROR:process_memory_win.cc(73)] ReadMemory at 0x2404b391390 of 712 bytes failed: Only part of a ReadProcessMemory or WriteProcessMemory request was completed. (0x12B)
[0905/235706.376:ERROR:process_memory_win.cc(73)] ReadMemory at 0x2404cb34d00 of 512 bytes failed: Only part of a ReadProcessMemory or WriteProcessMemory request was completed. (0x12B)
[0905/235706.469:ERROR:process_memory_win.cc(73)] ReadMemory at 0x2404cc5d6b2 of 530 bytes failed: Only part of a ReadProcessMemory or WriteProcessMemory request was completed. (0x12B)
[0905/235706.469:ERROR:process_memory_win.cc(73)] ReadMemory at 0x2404cc5d954 of 512 bytes failed: Only part of a ReadProcessMemory or WriteProcessMemory request was completed. (0x12B)
[0905/235706.470:ERROR:process_memory_win.cc(73)] ReadMemory at 0x2404d378ce0 of 528 bytes failed: Only part of a ReadProcessMemory or WriteProcessMemory request was completed. (0x12B)
[0905/235706.470:ERROR:process_memory_win.cc(73)] ReadMemory at 0x2404d501210 of 512 bytes failed: Only part of a ReadProcessMemory or WriteProcessMemory request was completed. (0x12B)
[0905/235706.470:ERROR:process_memory_win.cc(73)] ReadMemory at 0x2404ef09920 of 512 bytes failed: Only part of a ReadProcessMemory or WriteProcessMemory request was completed. (0x12B)
[0905/235706.470:ERROR:process_memory_win.cc(73)] ReadMemory at 0x24058832880 of 528 bytes failed: Only part of a ReadProcessMemory or WriteProcessMemory request was completed. (0x12B)
[0905/235706.471:ERROR:process_memory_win.cc(73)] ReadMemory at 0x37e300009730 of 512 bytes failed: Only part of a ReadProcessMemory or WriteProcessMemory request was completed. (0x12B)
[0905/235706.471:ERROR:process_memory_win.cc(73)] ReadMemory at 0x37e3080402dd of 512 bytes failed: Only part of a ReadProcessMemory or WriteProcessMemory request was completed. (0x12B)
[0905/235706.471:ERROR:process_memory_win.cc(73)] ReadMemory at 0x37e3095344e8 of 512 bytes failed: Only part of a ReadProcessMemory or WriteProcessMemory request was completed. (0x12B)
[0905/235706.471:ERROR:process_memory_win.cc(73)] ReadMemory at 0x37e30e17ff80 of 512 bytes failed: Only part of a ReadProcessMemory or WriteProcessMemory request was completed. (0x12B)
[0905/235706.472:ERROR:process_memory_win.cc(73)] ReadMemory at 0x37e30e18debc of 521 bytes failed: Only part of a ReadProcessMemory or WriteProcessMemory request was completed. (0x12B)
[0905/235706.472:ERROR:process_memory_win.cc(73)] ReadMemory at 0x37e30e2c9c35 of 512 bytes failed: Only part of a ReadProcessMemory or WriteProcessMemory request was completed. (0x12B)
[0905/235706.472:ERROR:process_memory_win.cc(73)] ReadMemory at 0x37e3717bff80 of 515 bytes failed: Only part of a ReadProcessMemory or WriteProcessMemory request was completed. (0x12B)
[0905/235706.489:ERROR:process_memory_win.cc(73)] ReadMemory at 0x37e3717db3b4 of 548 bytes failed: Only part of a ReadProcessMemory or WriteProcessMemory request was completed. (0x12B)
[0905/235706.489:ERROR:process_memory_win.cc(73)] ReadMemory at 0x37e3717e4c84 of 512 bytes failed: Only part of a ReadProcessMemory or WriteProcessMemory request was completed. (0x12B)
[0905/235706.489:ERROR:process_memory_win.cc(73)] ReadMemory at 0x37e371801f78 of 516 bytes failed: Only part of a ReadProcessMemory or WriteProcessMemory request was completed. (0x12B)
[0905/235706.584:ERROR:process_memory_win.cc(73)] ReadMemory at 0x7ffde66c8742 of 512 bytes failed: Only part of a ReadProcessMemory or WriteProcessMemory request was completed. (0x12B)
[0905/235706.588:ERROR:process_memory_win.cc(73)] ReadMemory at 0x7ffde66d11ba of 512 bytes failed: Only part of a ReadProcessMemory or WriteProcessMemory request was completed. (0x12B)
[0905/235707.610:ERROR:process_memory_win.cc(73)] ReadMemory at 0x7ffde753d6ad of 512 bytes failed: Only part of a ReadProcessMemory or WriteProcessMemory request was completed. (0x12B)
[0905/235707.610:ERROR:process_memory_win.cc(73)] ReadMemory at 0x7ffdec5d5680 of 512 bytes failed: Only part of a ReadProcessMemory or WriteProcessMemory request was completed. (0x12B)
[0905/235707.610:ERROR:process_memory_win.cc(73)] ReadMemory at 0x7ffe1b025160 of 512 bytes failed: Only part of a ReadProcessMemory or WriteProcessMemory request was completed. (0x12B)
[0905/235707.610:ERROR:process_memory_win.cc(73)] ReadMemory at 0x7ffe1b025867 of 512 bytes failed: Only part of a ReadProcessMemory or WriteProcessMemory request was completed. (0x12B)
[0905/235707.610:ERROR:process_memory_win.cc(73)] ReadMemory at 0x7ffe46f61f80 of 512 bytes failed: Only part of a ReadProcessMemory or WriteProcessMemory request was completed. (0x12B)
[0905/235708.567:ERROR:process_memory_win.cc(73)] ReadMemory at 0x7ffe47dfc074 of 672 bytes failed: Only part of a ReadProcessMemory or WriteProcessMemory request was completed. (0x12B)
[0905/235708.567:ERROR:process_memory_win.cc(73)] ReadMemory at 0x7ffe47dff924 of 608 bytes failed: Only part of a ReadProcessMemory or WriteProcessMemory request was completed. (0x12B)
[0905/235708.568:ERROR:process_memory_win.cc(73)] ReadMemory at 0x7ffe47e8c428 of 18 bytes failed: Only part of a ReadProcessMemory or WriteProcessMemory request was completed. (0x12B)
[0905/235708.741:ERROR:process_memory_win.cc(73)] ReadMemory at 0x7ffe47ebf4f8 of 40 bytes failed: Only part of a ReadProcessMemory or WriteProcessMemory request was completed. (0x12B)
[0905/235708.741:ERROR:process_memory_win.cc(73)] ReadMemory at 0x7ffe47ebf978 of 48 bytes failed: Only part of a ReadProcessMemory or WriteProcessMemory request was completed. (0x12B)
[0905/235708.745:ERROR:process_memory_win.cc(73)] ReadMemory at 0x7ffe47ec53c0 of 64 bytes failed: Only part of a ReadProcessMemory or WriteProcessMemory request was completed. (0x12B)
[0905/235709.095:ERROR:scoped_process_suspend.cc(40)] NtResumeProcess: An attempt was made to access an exiting process. (0xc000010a)
[0909/194905.490:ERROR:scoped_process_suspend.cc(31)] NtSuspendProcess: An attempt was made to access an exiting process. (0xc000010a)
[0909/194905.641:ERROR:process_info.cc(118)] ReadProcessMemory bool __cdecl crashpad::(anonymous namespace)::ReadStruct(HANDLE, crashpad::WinVMAddress, T *) [T = crashpad::process_types::PEB<crashpad::process_types::internal::Traits64>]: Only part of a ReadProcessMemory or WriteProcessMemory request was completed. (0x12B)
[0909/194905.642:ERROR:process_info.cc(551)] ReadProcessData failed
[1105/220314.721:ERROR:directory_reader_win.cc(43)] FindFirstFile: The system cannot find the path specified. (0x3)
